<?xml version="1.0" encoding="UTF-8"?>
<coverage generated="1736780519597" clover="3.2.0">
  <project timestamp="1736780519597" name="All files">
    <metrics statements="95" coveredstatements="95" conditionals="44" coveredconditionals="44" methods="16" coveredmethods="16" elements="155" coveredelements="155" complexity="0" loc="95" ncloc="95" packages="1" files="1" classes="1"/>
    <file name="functions.class.js" path="C:\Users\fabie\OneDrive\Documents\MINES ALES\Validation Logiciel\tp\units-tests-validation-logiciel-tp1\src\functions.class.js">
      <metrics statements="95" coveredstatements="95" conditionals="44" coveredconditionals="44" methods="16" coveredmethods="16"/>
      <line num="1" count="3" type="stmt"/>
      <line num="3" count="1" type="stmt"/>
      <line num="4" count="6" type="cond" truecount="4" falsecount="0"/>
      <line num="5" count="3" type="stmt"/>
      <line num="8" count="3" type="stmt"/>
      <line num="11" count="1" type="cond" truecount="1" falsecount="0"/>
      <line num="12" count="14" type="stmt"/>
      <line num="14" count="14" type="cond" truecount="2" falsecount="0"/>
      <line num="15" count="4" type="stmt"/>
      <line num="18" count="10" type="stmt"/>
      <line num="19" count="42" type="stmt"/>
      <line num="22" count="10" type="stmt"/>
      <line num="25" count="2" type="stmt"/>
      <line num="27" count="1" type="stmt"/>
      <line num="28" count="4" type="stmt"/>
      <line num="30" count="4" type="stmt"/>
      <line num="31" count="3" type="stmt"/>
      <line num="34" count="4" type="stmt"/>
      <line num="37" count="1" type="stmt"/>
      <line num="38" count="3" type="cond" truecount="2" falsecount="0"/>
      <line num="39" count="2" type="stmt"/>
      <line num="41" count="1" type="stmt"/>
      <line num="44" count="1" type="stmt"/>
      <line num="45" count="20" type="cond" truecount="2" falsecount="0"/>
      <line num="46" count="1" type="stmt"/>
      <line num="49" count="19" type="cond" truecount="4" falsecount="0"/>
      <line num="50" count="12" type="stmt"/>
      <line num="53" count="7" type="stmt"/>
      <line num="56" count="1" type="stmt"/>
      <line num="57" count="1" type="stmt"/>
      <line num="58" count="1" type="stmt"/>
      <line num="60" count="1" type="stmt"/>
      <line num="61" count="26" type="stmt"/>
      <line num="64" count="1" type="stmt"/>
      <line num="67" count="1" type="stmt"/>
      <line num="68" count="2" type="stmt"/>
      <line num="70" count="2" type="stmt"/>
      <line num="71" count="3" type="stmt"/>
      <line num="74" count="2" type="stmt"/>
      <line num="77" count="1" type="stmt"/>
      <line num="78" count="3" type="stmt"/>
      <line num="80" count="3" type="stmt"/>
      <line num="81" count="10" type="stmt"/>
      <line num="83" count="10" type="cond" truecount="9" falsecount="0"/>
      <line num="87" count="9" type="stmt"/>
      <line num="91" count="3" type="stmt"/>
      <line num="95" count="12" type="cond" truecount="2" falsecount="0"/>
      <line num="97" count="5" type="stmt"/>
      <line num="98" count="5" type="stmt"/>
      <line num="99" count="5" type="stmt"/>
      <line num="101" count="5" type="stmt"/>
      <line num="102" count="15" type="cond" truecount="2" falsecount="0"/>
      <line num="103" count="4" type="stmt"/>
      <line num="106" count="5" type="stmt"/>
      <line num="110" count="1" type="stmt"/>
      <line num="111" count="1" type="stmt"/>
      <line num="112" count="1" type="stmt"/>
      <line num="113" count="1" type="stmt"/>
      <line num="115" count="1" type="stmt"/>
      <line num="116" count="24" type="stmt"/>
      <line num="118" count="24" type="stmt"/>
      <line num="119" count="72" type="stmt"/>
      <line num="121" count="24" type="stmt"/>
      <line num="123" count="24" type="cond" truecount="2" falsecount="0"/>
      <line num="124" count="2" type="stmt"/>
      <line num="125" count="2" type="stmt"/>
      <line num="129" count="1" type="stmt"/>
      <line num="133" count="89" type="cond" truecount="2" falsecount="0"/>
      <line num="135" count="55" type="stmt"/>
      <line num="136" count="55" type="stmt"/>
      <line num="137" count="84" type="stmt"/>
      <line num="138" count="84" type="stmt"/>
      <line num="140" count="84" type="stmt"/>
      <line num="141" count="119" type="stmt"/>
      <line num="145" count="55" type="stmt"/>
      <line num="149" count="8993" type="stmt"/>
      <line num="150" count="36475" type="stmt"/>
      <line num="151" count="299609" type="cond" truecount="2" falsecount="0"/>
      <line num="152" count="8992" type="stmt"/>
      <line num="153" count="80708" type="cond" truecount="2" falsecount="0"/>
      <line num="154" count="8991" type="stmt"/>
      <line num="155" count="8991" type="cond" truecount="2" falsecount="0"/>
      <line num="156" count="51" type="stmt"/>
      <line num="158" count="8940" type="stmt"/>
      <line num="161" count="8941" type="stmt"/>
      <line num="165" count="1" type="stmt"/>
      <line num="169" count="80708" type="stmt"/>
      <line num="170" count="348803" type="cond" truecount="4" falsecount="0"/>
      <line num="173" count="11963" type="stmt"/>
      <line num="174" count="11963" type="stmt"/>
      <line num="176" count="11963" type="stmt"/>
      <line num="177" count="33368" type="stmt"/>
      <line num="178" count="96780" type="cond" truecount="2" falsecount="0"/>
      <line num="182" count="8991" type="stmt"/>
      <line num="185" count="1" type="stmt"/>
    </file>
  </project>
</coverage>
