{"C:\\Users\\fabie\\OneDrive\\Documents\\MINES ALES\\Validation Logiciel\\tp\\units-tests-validation-logiciel-tp1\\src\\functions.class.js": {"path":"C:\\Users\\fabie\\OneDrive\\Documents\\MINES ALES\\Validation Logiciel\\tp\\units-tests-validation-logiciel-tp1\\src\\functions.class.js","statementMap":{"0":{"start":{"line":1,"column":26},"end":{"line":1,"column":41}},"1":{"start":{"line":1,"column":33},"end":{"line":1,"column":41}},"2":{"start":{"line":3,"column":12},"end":{"line":9,"column":1}},"3":{"start":{"line":4,"column":4},"end":{"line":6,"column":5}},"4":{"start":{"line":5,"column":8},"end":{"line":5,"column":17}},"5":{"start":{"line":8,"column":4},"end":{"line":8,"column":17}},"6":{"start":{"line":11,"column":24},"end":{"line":23,"column":1}},"7":{"start":{"line":12,"column":16},"end":{"line":12,"column":17}},"8":{"start":{"line":14,"column":4},"end":{"line":16,"column":5}},"9":{"start":{"line":15,"column":8},"end":{"line":15,"column":21}},"10":{"start":{"line":18,"column":4},"end":{"line":20,"column":5}},"11":{"start":{"line":19,"column":8},"end":{"line":19,"column":16}},"12":{"start":{"line":22,"column":4},"end":{"line":22,"column":17}},"13":{"start":{"line":25,"column":27},"end":{"line":25,"column":61}},"14":{"start":{"line":25,"column":33},"end":{"line":25,"column":61}},"15":{"start":{"line":27,"column":25},"end":{"line":35,"column":1}},"16":{"start":{"line":28,"column":19},"end":{"line":28,"column":21}},"17":{"start":{"line":30,"column":4},"end":{"line":32,"column":5}},"18":{"start":{"line":30,"column":17},"end":{"line":30,"column":18}},"19":{"start":{"line":31,"column":8},"end":{"line":31,"column":27}},"20":{"start":{"line":34,"column":4},"end":{"line":34,"column":18}},"21":{"start":{"line":37,"column":25},"end":{"line":42,"column":1}},"22":{"start":{"line":38,"column":4},"end":{"line":40,"column":5}},"23":{"start":{"line":39,"column":8},"end":{"line":39,"column":26}},"24":{"start":{"line":41,"column":4},"end":{"line":41,"column":21}},"25":{"start":{"line":44,"column":13},"end":{"line":54,"column":1}},"26":{"start":{"line":45,"column":4},"end":{"line":47,"column":5}},"27":{"start":{"line":46,"column":8},"end":{"line":46,"column":17}},"28":{"start":{"line":49,"column":4},"end":{"line":51,"column":5}},"29":{"start":{"line":50,"column":8},"end":{"line":50,"column":17}},"30":{"start":{"line":53,"column":4},"end":{"line":53,"column":37}},"31":{"start":{"line":56,"column":35},"end":{"line":65,"column":1}},"32":{"start":{"line":57,"column":18},"end":{"line":57,"column":38}},"33":{"start":{"line":58,"column":23},"end":{"line":58,"column":25}},"34":{"start":{"line":60,"column":4},"end":{"line":62,"column":5}},"35":{"start":{"line":60,"column":17},"end":{"line":60,"column":39}},"36":{"start":{"line":61,"column":8},"end":{"line":61,"column":37}},"37":{"start":{"line":64,"column":4},"end":{"line":64,"column":24}},"38":{"start":{"line":67,"column":26},"end":{"line":75,"column":1}},"39":{"start":{"line":68,"column":12},"end":{"line":68,"column":13}},"40":{"start":{"line":70,"column":4},"end":{"line":72,"column":5}},"41":{"start":{"line":71,"column":8},"end":{"line":71,"column":15}},"42":{"start":{"line":74,"column":4},"end":{"line":74,"column":13}},"43":{"start":{"line":77,"column":29},"end":{"line":92,"column":1}},"44":{"start":{"line":78,"column":20},"end":{"line":78,"column":22}},"45":{"start":{"line":80,"column":4},"end":{"line":89,"column":5}},"46":{"start":{"line":80,"column":17},"end":{"line":80,"column":18}},"47":{"start":{"line":81,"column":24},"end":{"line":81,"column":30}},"48":{"start":{"line":83,"column":8},"end":{"line":88,"column":9}},"49":{"start":{"line":87,"column":12},"end":{"line":87,"column":53}},"50":{"start":{"line":91,"column":4},"end":{"line":91,"column":28}},"51":{"start":{"line":95,"column":4},"end":{"line":95,"column":36}},"52":{"start":{"line":95,"column":25},"end":{"line":95,"column":36}},"53":{"start":{"line":97,"column":18},"end":{"line":97,"column":37}},"54":{"start":{"line":98,"column":17},"end":{"line":98,"column":19}},"55":{"start":{"line":99,"column":18},"end":{"line":99,"column":20}},"56":{"start":{"line":101,"column":4},"end":{"line":104,"column":5}},"57":{"start":{"line":101,"column":17},"end":{"line":101,"column":18}},"58":{"start":{"line":102,"column":8},"end":{"line":103,"column":32}},"59":{"start":{"line":102,"column":28},"end":{"line":102,"column":46}},"60":{"start":{"line":103,"column":13},"end":{"line":103,"column":32}},"61":{"start":{"line":106,"column":4},"end":{"line":106,"column":60}},"62":{"start":{"line":110,"column":19},"end":{"line":110,"column":41}},"63":{"start":{"line":111,"column":25},"end":{"line":111,"column":41}},"64":{"start":{"line":112,"column":22},"end":{"line":112,"column":30}},"65":{"start":{"line":113,"column":31},"end":{"line":113,"column":33}},"66":{"start":{"line":115,"column":4},"end":{"line":127,"column":7}},"67":{"start":{"line":116,"column":29},"end":{"line":116,"column":30}},"68":{"start":{"line":118,"column":8},"end":{"line":120,"column":9}},"69":{"start":{"line":118,"column":21},"end":{"line":118,"column":22}},"70":{"start":{"line":119,"column":12},"end":{"line":119,"column":66}},"71":{"start":{"line":121,"column":8},"end":{"line":121,"column":74}},"72":{"start":{"line":123,"column":8},"end":{"line":126,"column":9}},"73":{"start":{"line":124,"column":12},"end":{"line":124,"column":41}},"74":{"start":{"line":125,"column":12},"end":{"line":125,"column":42}},"75":{"start":{"line":129,"column":4},"end":{"line":129,"column":49}},"76":{"start":{"line":133,"column":4},"end":{"line":133,"column":38}},"77":{"start":{"line":133,"column":26},"end":{"line":133,"column":38}},"78":{"start":{"line":135,"column":17},"end":{"line":135,"column":19}},"79":{"start":{"line":136,"column":4},"end":{"line":143,"column":5}},"80":{"start":{"line":136,"column":17},"end":{"line":136,"column":18}},"81":{"start":{"line":137,"column":22},"end":{"line":137,"column":62}},"82":{"start":{"line":138,"column":23},"end":{"line":138,"column":38}},"83":{"start":{"line":140,"column":8},"end":{"line":142,"column":9}},"84":{"start":{"line":140,"column":21},"end":{"line":140,"column":22}},"85":{"start":{"line":141,"column":12},"end":{"line":141,"column":48}},"86":{"start":{"line":145,"column":4},"end":{"line":145,"column":18}},"87":{"start":{"line":149,"column":4},"end":{"line":164,"column":5}},"88":{"start":{"line":149,"column":21},"end":{"line":149,"column":22}},"89":{"start":{"line":150,"column":8},"end":{"line":163,"column":9}},"90":{"start":{"line":150,"column":23},"end":{"line":150,"column":24}},"91":{"start":{"line":151,"column":12},"end":{"line":162,"column":13}},"92":{"start":{"line":152,"column":16},"end":{"line":160,"column":17}},"93":{"start":{"line":152,"column":31},"end":{"line":152,"column":32}},"94":{"start":{"line":153,"column":20},"end":{"line":159,"column":21}},"95":{"start":{"line":154,"column":24},"end":{"line":154,"column":49}},"96":{"start":{"line":155,"column":24},"end":{"line":157,"column":25}},"97":{"start":{"line":156,"column":28},"end":{"line":156,"column":40}},"98":{"start":{"line":158,"column":24},"end":{"line":158,"column":47}},"99":{"start":{"line":161,"column":16},"end":{"line":161,"column":29}},"100":{"start":{"line":165,"column":4},"end":{"line":165,"column":16}},"101":{"start":{"line":169,"column":4},"end":{"line":171,"column":5}},"102":{"start":{"line":169,"column":17},"end":{"line":169,"column":18}},"103":{"start":{"line":170,"column":8},"end":{"line":170,"column":77}},"104":{"start":{"line":170,"column":64},"end":{"line":170,"column":77}},"105":{"start":{"line":173,"column":21},"end":{"line":173,"column":46}},"106":{"start":{"line":174,"column":21},"end":{"line":174,"column":44}},"107":{"start":{"line":176,"column":4},"end":{"line":180,"column":5}},"108":{"start":{"line":176,"column":17},"end":{"line":176,"column":25}},"109":{"start":{"line":177,"column":8},"end":{"line":179,"column":9}},"110":{"start":{"line":177,"column":21},"end":{"line":177,"column":29}},"111":{"start":{"line":178,"column":12},"end":{"line":178,"column":51}},"112":{"start":{"line":178,"column":38},"end":{"line":178,"column":51}},"113":{"start":{"line":182,"column":4},"end":{"line":182,"column":16}},"114":{"start":{"line":185,"column":0},"end":{"line":200,"column":2}}},"fnMap":{"0":{"name":"(anonymous_0)","decl":{"start":{"line":1,"column":26},"end":{"line":1,"column":27}},"loc":{"start":{"line":1,"column":33},"end":{"line":1,"column":41}},"line":1},"1":{"name":"(anonymous_1)","decl":{"start":{"line":3,"column":12},"end":{"line":3,"column":13}},"loc":{"start":{"line":3,"column":22},"end":{"line":9,"column":1}},"line":3},"2":{"name":"(anonymous_2)","decl":{"start":{"line":11,"column":24},"end":{"line":11,"column":25}},"loc":{"start":{"line":11,"column":38},"end":{"line":23,"column":1}},"line":11},"3":{"name":"(anonymous_3)","decl":{"start":{"line":25,"column":27},"end":{"line":25,"column":28}},"loc":{"start":{"line":25,"column":33},"end":{"line":25,"column":61}},"line":25},"4":{"name":"(anonymous_4)","decl":{"start":{"line":27,"column":25},"end":{"line":27,"column":26}},"loc":{"start":{"line":27,"column":34},"end":{"line":35,"column":1}},"line":27},"5":{"name":"(anonymous_5)","decl":{"start":{"line":37,"column":25},"end":{"line":37,"column":26}},"loc":{"start":{"line":37,"column":34},"end":{"line":42,"column":1}},"line":37},"6":{"name":"(anonymous_6)","decl":{"start":{"line":44,"column":13},"end":{"line":44,"column":14}},"loc":{"start":{"line":44,"column":20},"end":{"line":54,"column":1}},"line":44},"7":{"name":"(anonymous_7)","decl":{"start":{"line":56,"column":35},"end":{"line":56,"column":36}},"loc":{"start":{"line":56,"column":41},"end":{"line":65,"column":1}},"line":56},"8":{"name":"(anonymous_8)","decl":{"start":{"line":67,"column":26},"end":{"line":67,"column":27}},"loc":{"start":{"line":67,"column":35},"end":{"line":75,"column":1}},"line":67},"9":{"name":"(anonymous_9)","decl":{"start":{"line":77,"column":29},"end":{"line":77,"column":30}},"loc":{"start":{"line":77,"column":38},"end":{"line":92,"column":1}},"line":77},"10":{"name":"quickSort","decl":{"start":{"line":94,"column":9},"end":{"line":94,"column":18}},"loc":{"start":{"line":94,"column":24},"end":{"line":107,"column":1}},"line":94},"11":{"name":"tspBrutForce","decl":{"start":{"line":109,"column":9},"end":{"line":109,"column":21}},"loc":{"start":{"line":109,"column":33},"end":{"line":130,"column":1}},"line":109},"12":{"name":"(anonymous_12)","decl":{"start":{"line":115,"column":25},"end":{"line":115,"column":26}},"loc":{"start":{"line":115,"column":37},"end":{"line":127,"column":5}},"line":115},"13":{"name":"permuter","decl":{"start":{"line":132,"column":9},"end":{"line":132,"column":17}},"loc":{"start":{"line":132,"column":23},"end":{"line":146,"column":1}},"line":132},"14":{"name":"resoudreSudoku","decl":{"start":{"line":148,"column":9},"end":{"line":148,"column":23}},"loc":{"start":{"line":148,"column":32},"end":{"line":166,"column":1}},"line":148},"15":{"name":"estValide","decl":{"start":{"line":168,"column":9},"end":{"line":168,"column":18}},"loc":{"start":{"line":168,"column":44},"end":{"line":183,"column":1}},"line":168}},"branchMap":{"0":{"loc":{"start":{"line":4,"column":4},"end":{"line":6,"column":5}},"type":"if","locations":[{"start":{"line":4,"column":4},"end":{"line":6,"column":5}},{"start":{},"end":{}}],"line":4},"1":{"loc":{"start":{"line":4,"column":8},"end":{"line":4,"column":52}},"type":"binary-expr","locations":[{"start":{"line":4,"column":8},"end":{"line":4,"column":28}},{"start":{"line":4,"column":32},"end":{"line":4,"column":52}}],"line":4},"2":{"loc":{"start":{"line":11,"column":25},"end":{"line":11,"column":33}},"type":"default-arg","locations":[{"start":{"line":11,"column":31},"end":{"line":11,"column":33}}],"line":11},"3":{"loc":{"start":{"line":14,"column":4},"end":{"line":16,"column":5}},"type":"if","locations":[{"start":{"line":14,"column":4},"end":{"line":16,"column":5}},{"start":{},"end":{}}],"line":14},"4":{"loc":{"start":{"line":38,"column":4},"end":{"line":40,"column":5}},"type":"if","locations":[{"start":{"line":38,"column":4},"end":{"line":40,"column":5}},{"start":{},"end":{}}],"line":38},"5":{"loc":{"start":{"line":45,"column":4},"end":{"line":47,"column":5}},"type":"if","locations":[{"start":{"line":45,"column":4},"end":{"line":47,"column":5}},{"start":{},"end":{}}],"line":45},"6":{"loc":{"start":{"line":49,"column":4},"end":{"line":51,"column":5}},"type":"if","locations":[{"start":{"line":49,"column":4},"end":{"line":51,"column":5}},{"start":{},"end":{}}],"line":49},"7":{"loc":{"start":{"line":49,"column":8},"end":{"line":49,"column":26}},"type":"binary-expr","locations":[{"start":{"line":49,"column":8},"end":{"line":49,"column":15}},{"start":{"line":49,"column":19},"end":{"line":49,"column":26}}],"line":49},"8":{"loc":{"start":{"line":83,"column":8},"end":{"line":88,"column":9}},"type":"if","locations":[{"start":{"line":83,"column":8},"end":{"line":88,"column":9}},{"start":{},"end":{}}],"line":83},"9":{"loc":{"start":{"line":83,"column":12},"end":{"line":86,"column":26}},"type":"binary-expr","locations":[{"start":{"line":83,"column":13},"end":{"line":83,"column":26}},{"start":{"line":83,"column":30},"end":{"line":83,"column":43}},{"start":{"line":84,"column":13},"end":{"line":84,"column":26}},{"start":{"line":84,"column":30},"end":{"line":84,"column":44}},{"start":{"line":85,"column":13},"end":{"line":85,"column":26}},{"start":{"line":85,"column":30},"end":{"line":85,"column":43}},{"start":{"line":86,"column":12},"end":{"line":86,"column":26}}],"line":83},"10":{"loc":{"start":{"line":95,"column":4},"end":{"line":95,"column":36}},"type":"if","locations":[{"start":{"line":95,"column":4},"end":{"line":95,"column":36}},{"start":{},"end":{}}],"line":95},"11":{"loc":{"start":{"line":102,"column":8},"end":{"line":103,"column":32}},"type":"if","locations":[{"start":{"line":102,"column":8},"end":{"line":103,"column":32}},{"start":{"line":103,"column":13},"end":{"line":103,"column":32}}],"line":102},"12":{"loc":{"start":{"line":123,"column":8},"end":{"line":126,"column":9}},"type":"if","locations":[{"start":{"line":123,"column":8},"end":{"line":126,"column":9}},{"start":{},"end":{}}],"line":123},"13":{"loc":{"start":{"line":133,"column":4},"end":{"line":133,"column":38}},"type":"if","locations":[{"start":{"line":133,"column":4},"end":{"line":133,"column":38}},{"start":{},"end":{}}],"line":133},"14":{"loc":{"start":{"line":151,"column":12},"end":{"line":162,"column":13}},"type":"if","locations":[{"start":{"line":151,"column":12},"end":{"line":162,"column":13}},{"start":{},"end":{}}],"line":151},"15":{"loc":{"start":{"line":153,"column":20},"end":{"line":159,"column":21}},"type":"if","locations":[{"start":{"line":153,"column":20},"end":{"line":159,"column":21}},{"start":{},"end":{}}],"line":153},"16":{"loc":{"start":{"line":155,"column":24},"end":{"line":157,"column":25}},"type":"if","locations":[{"start":{"line":155,"column":24},"end":{"line":157,"column":25}},{"start":{},"end":{}}],"line":155},"17":{"loc":{"start":{"line":170,"column":8},"end":{"line":170,"column":77}},"type":"if","locations":[{"start":{"line":170,"column":8},"end":{"line":170,"column":77}},{"start":{},"end":{}}],"line":170},"18":{"loc":{"start":{"line":170,"column":12},"end":{"line":170,"column":62}},"type":"binary-expr","locations":[{"start":{"line":170,"column":12},"end":{"line":170,"column":36}},{"start":{"line":170,"column":40},"end":{"line":170,"column":62}}],"line":170},"19":{"loc":{"start":{"line":178,"column":12},"end":{"line":178,"column":51}},"type":"if","locations":[{"start":{"line":178,"column":12},"end":{"line":178,"column":51}},{"start":{},"end":{}}],"line":178}},"s":{"0":1,"1":3,"2":1,"3":6,"4":3,"5":3,"6":1,"7":14,"8":14,"9":4,"10":10,"11":42,"12":10,"13":1,"14":2,"15":1,"16":4,"17":4,"18":4,"19":3,"20":4,"21":1,"22":3,"23":2,"24":1,"25":1,"26":20,"27":1,"28":19,"29":12,"30":7,"31":1,"32":1,"33":1,"34":1,"35":1,"36":26,"37":1,"38":1,"39":2,"40":2,"41":3,"42":2,"43":1,"44":3,"45":3,"46":3,"47":10,"48":10,"49":9,"50":3,"51":12,"52":7,"53":5,"54":5,"55":5,"56":5,"57":5,"58":15,"59":11,"60":4,"61":5,"62":1,"63":1,"64":1,"65":1,"66":1,"67":24,"68":24,"69":24,"70":72,"71":24,"72":24,"73":2,"74":2,"75":1,"76":89,"77":34,"78":55,"79":55,"80":55,"81":84,"82":84,"83":84,"84":84,"85":119,"86":55,"87":8993,"88":8993,"89":36475,"90":36475,"91":299609,"92":8992,"93":8992,"94":80708,"95":8991,"96":8991,"97":51,"98":8940,"99":8941,"100":1,"101":80708,"102":80708,"103":348803,"104":68745,"105":11963,"106":11963,"107":11963,"108":11963,"109":33368,"110":33368,"111":96780,"112":2972,"113":8991,"114":1},"f":{"0":3,"1":6,"2":14,"3":2,"4":4,"5":3,"6":20,"7":1,"8":2,"9":3,"10":12,"11":1,"12":24,"13":89,"14":8993,"15":80708},"b":{"0":[3,3],"1":[6,4],"2":[1],"3":[4,10],"4":[2,1],"5":[1,19],"6":[12,7],"7":[19,14],"8":[9,1],"9":[10,7,7,4,4,3,2],"10":[7,5],"11":[11,4],"12":[2,22],"13":[34,55],"14":[8992,290617],"15":[8991,71717],"16":[51,8940],"17":[68745,280058],"18":[348803,307413],"19":[2972,93808]},"_coverageSchema":"1a1c01bbd47fc00a2c39e90264f33305004495a9","hash":"99714cf44a50598af3cdaf56b52899d87791490b"}
}
