TN:
SF:src\functions.class.js
FN:1,(anonymous_0)
FN:3,(anonymous_1)
FN:11,(anonymous_2)
FN:25,(anonymous_3)
FN:27,(anonymous_4)
FN:37,(anonymous_5)
FN:44,(anonymous_6)
FN:56,(anonymous_7)
FN:67,(anonymous_8)
FN:77,(anonymous_9)
FN:94,quickSort
FN:109,tspBrutForce
FN:115,(anonymous_12)
FN:132,permuter
FN:148,resoudreSudoku
FN:168,estValide
FNF:16
FNH:16
FNDA:3,(anonymous_0)
FNDA:6,(anonymous_1)
FNDA:14,(anonymous_2)
FNDA:2,(anonymous_3)
FNDA:4,(anonymous_4)
FNDA:3,(anonymous_5)
FNDA:20,(anonymous_6)
FNDA:1,(anonymous_7)
FNDA:2,(anonymous_8)
FNDA:3,(anonymous_9)
FNDA:12,quickSort
FNDA:1,tspBrutForce
FNDA:24,(anonymous_12)
FNDA:89,permuter
FNDA:8993,resoudreSudoku
FNDA:80708,estValide
DA:1,3
DA:3,1
DA:4,6
DA:5,3
DA:8,3
DA:11,1
DA:12,14
DA:14,14
DA:15,4
DA:18,10
DA:19,42
DA:22,10
DA:25,2
DA:27,1
DA:28,4
DA:30,4
DA:31,3
DA:34,4
DA:37,1
DA:38,3
DA:39,2
DA:41,1
DA:44,1
DA:45,20
DA:46,1
DA:49,19
DA:50,12
DA:53,7
DA:56,1
DA:57,1
DA:58,1
DA:60,1
DA:61,26
DA:64,1
DA:67,1
DA:68,2
DA:70,2
DA:71,3
DA:74,2
DA:77,1
DA:78,3
DA:80,3
DA:81,10
DA:83,10
DA:87,9
DA:91,3
DA:95,12
DA:97,5
DA:98,5
DA:99,5
DA:101,5
DA:102,15
DA:103,4
DA:106,5
DA:110,1
DA:111,1
DA:112,1
DA:113,1
DA:115,1
DA:116,24
DA:118,24
DA:119,72
DA:121,24
DA:123,24
DA:124,2
DA:125,2
DA:129,1
DA:133,89
DA:135,55
DA:136,55
DA:137,84
DA:138,84
DA:140,84
DA:141,119
DA:145,55
DA:149,8993
DA:150,36475
DA:151,299609
DA:152,8992
DA:153,80708
DA:154,8991
DA:155,8991
DA:156,51
DA:158,8940
DA:161,8941
DA:165,1
DA:169,80708
DA:170,348803
DA:173,11963
DA:174,11963
DA:176,11963
DA:177,33368
DA:178,96780
DA:182,8991
DA:185,1
LF:95
LH:95
BRDA:4,0,0,3
BRDA:4,0,1,3
BRDA:4,1,0,6
BRDA:4,1,1,4
BRDA:11,2,0,1
BRDA:14,3,0,4
BRDA:14,3,1,10
BRDA:38,4,0,2
BRDA:38,4,1,1
BRDA:45,5,0,1
BRDA:45,5,1,19
BRDA:49,6,0,12
BRDA:49,6,1,7
BRDA:49,7,0,19
BRDA:49,7,1,14
BRDA:83,8,0,9
BRDA:83,8,1,1
BRDA:83,9,0,10
BRDA:83,9,1,7
BRDA:83,9,2,7
BRDA:83,9,3,4
BRDA:83,9,4,4
BRDA:83,9,5,3
BRDA:83,9,6,2
BRDA:95,10,0,7
BRDA:95,10,1,5
BRDA:102,11,0,11
BRDA:102,11,1,4
BRDA:123,12,0,2
BRDA:123,12,1,22
BRDA:133,13,0,34
BRDA:133,13,1,55
BRDA:151,14,0,8992
BRDA:151,14,1,290617
BRDA:153,15,0,8991
BRDA:153,15,1,71717
BRDA:155,16,0,51
BRDA:155,16,1,8940
BRDA:170,17,0,68745
BRDA:170,17,1,280058
BRDA:170,18,0,348803
BRDA:170,18,1,307413
BRDA:178,19,0,2972
BRDA:178,19,1,93808
BRF:44
BRH:44
end_of_record
